[23:20:19] [ServerMain/INFO]: [bootstrap] Running Java 25 (OpenJDK 64-Bit Server VM 25.0.1+8-LTS; Eclipse Adoptium Temurin-25.0.1+8) on Windows 11 10.0 (amd64)
[23:20:19] [ServerMain/INFO]: [bootstrap] Loading Paper 1.21.10-113-main@9fc21bc (2025-11-14T16:11:13Z) for Minecraft 1.21.10
[23:20:19] [ServerMain/INFO]: [PluginInitializerManager] Initializing plugins...
[23:20:19] [ServerMain/INFO]: [PluginInitializerManager] Initialized 0 plugins
[23:20:21] [ServerMain/INFO]: Environment: Environment[sessionHost=https://sessionserver.mojang.com, servicesHost=https://api.minecraftservices.com, profilesHost=https://api.mojang.com, name=PROD]
[23:20:21] [ServerMain/INFO]: Found new data pack file/bukkit, loading it automatically
[23:20:21] [ServerMain/INFO]: Found new data pack paper, loading it automatically
[23:20:21] [ServerMain/INFO]: No existing world data, creating new world
[23:20:21] [ServerMain/ERROR]: No key layers in MapLike[{}]
[23:20:22] [ServerMain/INFO]: Loaded 1461 recipes
[23:20:22] [ServerMain/INFO]: Loaded 1574 advancements
[23:20:22] [ServerMain/INFO]: [ca.spottedleaf.dataconverter.minecraft.datatypes.MCTypeRegistry] Initialising converters for DataConverter...
[23:20:22] [ServerMain/INFO]: [ca.spottedleaf.dataconverter.minecraft.datatypes.MCTypeRegistry] Finished initialising converters for DataConverter in 157,2ms
[23:20:22] [Server thread/INFO]: Starting minecraft server version 1.21.10
[23:20:22] [Server thread/INFO]: Loading properties
[23:20:22] [Server thread/INFO]: This server is running Paper version 1.21.10-113-main@9fc21bc (2025-11-14T16:11:13Z) (Implementing API version 1.21.10-R0.1-SNAPSHOT)
[23:20:22] [Server thread/INFO]: [spark] This server bundles the spark profiler. For more information please visit https://docs.papermc.io/paper/profiling
[23:20:22] [Server thread/INFO]: Server Ping Player Sample Count: 12
[23:20:22] [Server thread/INFO]: Using 4 threads for Netty based IO
[23:20:22] [Server thread/INFO]: [MoonriseCommon] Paper is using 7 worker threads, 1 I/O threads
[23:20:22] [Server thread/INFO]: Default game type: ADVENTURE
[23:20:22] [Server thread/INFO]: Generating keypair
[23:20:23] [Server thread/INFO]: Starting Minecraft server on *:30066
[23:20:23] [Server thread/INFO]: Using default channel type
[23:20:23] [Server thread/INFO]: Paper: Using Java compression from Velocity.
[23:20:23] [Server thread/INFO]: Paper: Using Java cipher from Velocity.
[23:20:23] [Server thread/INFO]: Server permissions file permissions.yml is empty, ignoring it
[23:20:23] [Server thread/WARN]: **** SERVER IS RUNNING IN OFFLINE/INSECURE MODE!
[23:20:23] [Server thread/WARN]: The server will make no attempt to authenticate usernames. Beware.
[23:20:23] [Server thread/WARN]: Whilst this makes it possible to use Velocity, unless access to your server is properly restricted, it also opens up the ability for hackers to connect with any username they choose.
[23:20:23] [Server thread/WARN]: Please see https://docs.papermc.io/velocity/security for further information.
[23:20:23] [Server thread/WARN]: To change this, set "online-mode" to "true" in the server.properties file.
[23:20:23] [Server thread/INFO]: Preparing level "world"
[23:20:23] [Server thread/ERROR]: No key layers in MapLike[{}]
[23:20:23] [Server thread/INFO]: Selecting spawn point for world 'minecraft:overworld'...
[23:20:23] [Server thread/ERROR]: No key layers in MapLike[{}]
[23:20:23] [Server thread/INFO]: Selecting spawn point for world 'minecraft:the_nether'...
[23:20:23] [Server thread/INFO]: Loading 0 persistent chunks for world 'minecraft:overworld'...
[23:20:23] [Server thread/INFO]: Preparing spawn area: 100%
[23:20:23] [Server thread/INFO]: Prepared spawn area in 477 ms
[23:20:23] [Server thread/INFO]: Loading 0 persistent chunks for world 'minecraft:the_nether'...
[23:20:23] [Server thread/INFO]: Preparing spawn area: 100%
[23:20:23] [Server thread/INFO]: Prepared spawn area in 280 ms
[23:20:23] [Server thread/INFO]: Done preparing level "world" (0.585s)
[23:20:23] [Server thread/INFO]: [spark] Starting background profiler...
[23:20:23] [Server thread/INFO]: [spark] The async-profiler engine is not supported for your os/arch (windows11/amd64), so the built-in Java engine will be used instead.
[23:20:23] [Server thread/INFO]: Running delayed init tasks
[23:20:23] [Server thread/INFO]: Done (5.160s)! For help, type "help"
[23:20:31] [User Authenticator #0/INFO]: UUID of player Hanriel is 31fdfd55-e164-4d6e-bbb5-72b7821d566b
[23:20:31] [Server thread/INFO]: Hanriel joined the game
[23:20:31] [Server thread/INFO]: Hanriel[IP hidden] logged in with entity id 1 at ([world]0.5, -63.0, 0.5)
[23:20:37] [Server thread/INFO]: Hanriel issued server command: /gamemode spectator
[23:20:37] [Server thread/INFO]: [Hanriel: Set own game mode to Spectator Mode]
[23:20:44] [Server thread/INFO]: Hanriel issued server command: /gamemode creative
[23:20:44] [Server thread/INFO]: [Hanriel: Set own game mode to Creative Mode]
[23:20:49] [Server thread/INFO]: Hanriel issued server command: /worldborder 32
[23:20:53] [Server thread/INFO]: Hanriel issued server command: /worldborder set 32
[23:20:53] [Server thread/INFO]: [Hanriel: Set the world border to 32.0 block(s) wide]
[23:21:17] [Server thread/INFO]: Hanriel lost connection: Disconnected
[23:21:17] [Server thread/INFO]: Hanriel left the game
[23:21:20] [Server thread/INFO]: Stopping the server
[23:21:20] [Server thread/INFO]: Stopping server
[23:21:20] [Server thread/INFO]: Saving players
[23:21:20] [Server thread/INFO]: Saving worlds
[23:21:20] [Server thread/INFO]: Saving chunks for level 'ServerLevel[world]'/minecraft:overworld
[23:21:20] [Server thread/INFO]: [ChunkHolderManager] Waiting 60s for chunk system to halt for world 'world'
[23:21:20] [Server thread/INFO]: [ChunkHolderManager] Halted chunk system for world 'world'
[23:21:20] [Server thread/INFO]: [ChunkHolderManager] Saving all chunkholders for world 'world'
[23:21:20] [Server thread/INFO]: [ChunkHolderManager] Saved 1056 block chunks, 144 entity chunks, 0 poi chunks in world 'world' in 0,07s
[23:21:20] [Server thread/INFO]: [ChunkHolderManager] Waiting 60s for chunk I/O to halt for world 'world'
[23:21:20] [Server thread/INFO]: [ChunkHolderManager] Halted I/O scheduler for world 'world'
[23:21:20] [Server thread/INFO]: Saving chunks for level 'ServerLevel[world_nether]'/minecraft:the_nether
[23:21:20] [Server thread/INFO]: [ChunkHolderManager] Waiting 60s for chunk system to halt for world 'world_nether'
[23:21:20] [Server thread/INFO]: [ChunkHolderManager] Halted chunk system for world 'world_nether'
[23:21:20] [Server thread/INFO]: [ChunkHolderManager] Saving all chunkholders for world 'world_nether'
[23:21:20] [Server thread/INFO]: [ChunkHolderManager] Saved 0 block chunks, 0 entity chunks, 0 poi chunks in world 'world_nether' in 0,00s
[23:21:20] [Server thread/INFO]: [ChunkHolderManager] Waiting 60s for chunk I/O to halt for world 'world_nether'
[23:21:20] [Server thread/INFO]: [ChunkHolderManager] Halted I/O scheduler for world 'world_nether'
[23:21:20] [Server thread/INFO]: ThreadedAnvilChunkStorage (world): All chunks are saved
[23:21:20] [Server thread/INFO]: ThreadedAnvilChunkStorage (DIM-1): All chunks are saved
[23:21:20] [Server thread/INFO]: ThreadedAnvilChunkStorage: All dimensions are saved
[23:21:20] [Server thread/INFO]: Waiting for all RegionFile I/O tasks to complete...
[23:21:20] [Server thread/INFO]: All RegionFile I/O tasks to complete
[23:21:20] [Server thread/INFO]: [MoonriseCommon] Awaiting termination of worker pool for up to 60s...
[23:21:20] [Server thread/INFO]: [MoonriseCommon] Awaiting termination of I/O pool for up to 60s...
